0 info it worked if it ends with ok
1 verbose cli [ 'C:\\Program Files\\nodejs\\node.exe',
1 verbose cli   'C:\\Program Files\\nodejs\\node_modules\\npm\\bin\\npm-cli.js',
1 verbose cli   'install',
1 verbose cli   'jasmine@1.0.0',
1 verbose cli   '-g',
1 verbose cli   '-f' ]
2 info using npm@3.8.3
3 info using node@v5.10.0
4 warn using --force I sure hope you know what you are doing.
5 silly loadCurrentTree Starting
6 silly install loadCurrentTree
7 silly install readGlobalPackageData
8 silly fetchPackageMetaData jasmine@1.0.0
9 silly fetchNamedPackageData jasmine
10 silly mapToRegistry name jasmine
11 silly mapToRegistry using default registry
12 silly mapToRegistry registry https://registry.npmjs.org/
13 silly mapToRegistry data Result {
13 silly mapToRegistry   raw: 'jasmine',
13 silly mapToRegistry   scope: null,
13 silly mapToRegistry   name: 'jasmine',
13 silly mapToRegistry   rawSpec: '',
13 silly mapToRegistry   spec: 'latest',
13 silly mapToRegistry   type: 'tag' }
14 silly mapToRegistry uri https://registry.npmjs.org/jasmine
15 verbose request uri https://registry.npmjs.org/jasmine
16 verbose request no auth needed
17 info attempt registry request try #1 at 8:17:20 PM
18 verbose request id 25f6e07020e558d3
19 verbose etag "DIV8YDNMDS2EXLRZ2MA6ANFRG"
20 http request GET https://registry.npmjs.org/jasmine
21 http 304 https://registry.npmjs.org/jasmine
22 verbose headers { date: 'Thu, 28 Jul 2016 13:17:22 GMT',
22 verbose headers   via: '1.1 varnish',
22 verbose headers   'cache-control': 'max-age=300',
22 verbose headers   etag: '"DIV8YDNMDS2EXLRZ2MA6ANFRG"',
22 verbose headers   age: '22',
22 verbose headers   connection: 'keep-alive',
22 verbose headers   'x-served-by': 'cache-hkg6823-HKG',
22 verbose headers   'x-cache': 'HIT',
22 verbose headers   'x-cache-hits': '4',
22 verbose headers   'x-timer': 'S1469711842.014065,VS0,VE0',
22 verbose headers   vary: 'Accept-Encoding' }
23 silly get cb [ 304,
23 silly get   { date: 'Thu, 28 Jul 2016 13:17:22 GMT',
23 silly get     via: '1.1 varnish',
23 silly get     'cache-control': 'max-age=300',
23 silly get     etag: '"DIV8YDNMDS2EXLRZ2MA6ANFRG"',
23 silly get     age: '22',
23 silly get     connection: 'keep-alive',
23 silly get     'x-served-by': 'cache-hkg6823-HKG',
23 silly get     'x-cache': 'HIT',
23 silly get     'x-cache-hits': '4',
23 silly get     'x-timer': 'S1469711842.014065,VS0,VE0',
23 silly get     vary: 'Accept-Encoding' } ]
24 verbose etag https://registry.npmjs.org/jasmine from cache
25 verbose get saving jasmine to C:\Users\W7-64Bit SP1\AppData\Roaming\npm-cache\registry.npmjs.org\jasmine\.cache.json
26 verbose correctMkdir C:\Users\W7-64Bit SP1\AppData\Roaming\npm-cache correctMkdir not in flight; initializing
27 silly fetchPackageMetaData Error: No compatible version found: jasmine@1.0.0
27 silly fetchPackageMetaData Valid install targets:
27 silly fetchPackageMetaData 2.4.1, 2.4.0, 2.3.2, 2.3.1, 2.3.0, 2.2.1, 2.2.0, 2.1.1, 2.1.0, 2.0.1
27 silly fetchPackageMetaData
27 silly fetchPackageMetaData     at pickVersionFromRegistryDocument (C:\Program Files\nodejs\node_modules\npm\lib\fetch-package-metadata.js:156:16)
27 silly fetchPackageMetaData     at C:\Program Files\nodejs\node_modules\npm\node_modules\iferr\index.js:13:50
27 silly fetchPackageMetaData     at C:\Program Files\nodejs\node_modules\npm\lib\utils\pulse-till-done.js:19:8
27 silly fetchPackageMetaData     at saved (C:\Program Files\nodejs\node_modules\npm\lib\cache\caching-client.js:168:7)
27 silly fetchPackageMetaData     at C:\Program Files\nodejs\node_modules\npm\node_modules\graceful-fs\polyfills.js:210:7
27 silly fetchPackageMetaData     at FSReqWrap.oncomplete (fs.js:82:15)
27 silly fetchPackageMetaData  error for jasmine@1.0.0 [Error: No compatible version found: jasmine@1.0.0
27 silly fetchPackageMetaData Valid install targets:
27 silly fetchPackageMetaData 2.4.1, 2.4.0, 2.3.2, 2.3.1, 2.3.0, 2.2.1, 2.2.0, 2.1.1, 2.1.0, 2.0.1
27 silly fetchPackageMetaData ]
28 silly rollbackFailedOptional Starting
29 silly rollbackFailedOptional Finishing
30 silly runTopLevelLifecycles Starting
31 silly runTopLevelLifecycles Finishing
32 silly install printInstalled
33 verbose stack Error: No compatible version found: jasmine@1.0.0
33 verbose stack Valid install targets:
33 verbose stack 2.4.1, 2.4.0, 2.3.2, 2.3.1, 2.3.0, 2.2.1, 2.2.0, 2.1.1, 2.1.0, 2.0.1
33 verbose stack
33 verbose stack     at pickVersionFromRegistryDocument (C:\Program Files\nodejs\node_modules\npm\lib\fetch-package-metadata.js:156:16)
33 verbose stack     at C:\Program Files\nodejs\node_modules\npm\node_modules\iferr\index.js:13:50
33 verbose stack     at C:\Program Files\nodejs\node_modules\npm\lib\utils\pulse-till-done.js:19:8
33 verbose stack     at saved (C:\Program Files\nodejs\node_modules\npm\lib\cache\caching-client.js:168:7)
33 verbose stack     at C:\Program Files\nodejs\node_modules\npm\node_modules\graceful-fs\polyfills.js:210:7
33 verbose stack     at FSReqWrap.oncomplete (fs.js:82:15)
34 verbose cwd D:\Source Code\ES6_Jasmine\Demo
35 error Windows_NT 10.0.10586
36 error argv "C:\\Program Files\\nodejs\\node.exe" "C:\\Program Files\\nodejs\\node_modules\\npm\\bin\\npm-cli.js" "install" "jasmine@1.0.0" "-g" "-f"
37 error node v5.10.0
38 error npm  v3.8.3
39 error No compatible version found: jasmine@1.0.0
39 error Valid install targets:
39 error 2.4.1, 2.4.0, 2.3.2, 2.3.1, 2.3.0, 2.2.1, 2.2.0, 2.1.1, 2.1.0, 2.0.1
40 error If you need help, you may report this error at:
40 error     <https://github.com/npm/npm/issues>
41 verbose exit [ 1, true ]
